Arguments: 
  /usr/bin/node /usr/lib/node_modules/@sanity/cli/vendor/yarn install --json --non-interactive --ignore-engines --network-timeout 60000 --registry https://registry.npmjs.org

PATH: 
  /usr/lib/node_modules/vendor:/usr/local/sbin:/usr/local/bin:/usr/sbin:/usr/bin:/sbin:/bin

Yarn version: 
  1.22.17

Node version: 
  18.7.0

Platform: 
  linux x64

Trace: 
  Error: https://registry.npmjs.org/shebang-regex/-/shebang-regex-1.0.0.tgz: Request failed "503 Service Unavailable"
      at Request.<anonymous> (/usr/lib/node_modules/@sanity/cli/vendor/yarn:78657:16)
      at Request.emit (node:events:513:28)
      at module.exports.Request.onRequestResponse (/usr/lib/node_modules/@sanity/cli/vendor/yarn:136195:10)
      at ClientRequest.emit (node:events:513:28)
      at HTTPParser.parserOnIncomingClient (node:_http_client:674:27)
      at HTTPParser.parserOnHeadersComplete (node:_http_common:117:17)
      at TLSSocket.socketOnData (node:_http_client:521:22)
      at TLSSocket.emit (node:events:513:28)
      at addChunk (node:internal/streams/readable:324:12)
      at readableAddChunk (node:internal/streams/readable:297:9)

npm manifest: 
  {
    "name": "shareme",
    "private": true,
    "version": "1.0.0",
    "description": "",
    "main": "package.json",
    "author": "Lakshay Tyagi <tyagilakshay119@gmail.com>",
    "license": "UNLICENSED",
    "scripts": {
      "start": "sanity start",
      "build": "sanity build"
    },
    "keywords": [
      "sanity"
    ],
    "dependencies": {
      "@sanity/base": "^2.30.4",
      "@sanity/core": "^2.30.3",
      "@sanity/default-layout": "^2.30.4",
      "@sanity/default-login": "^2.30.4",
      "@sanity/desk-tool": "^2.30.4",
      "@sanity/eslint-config-studio": "^2.0.0",
      "@sanity/vision": "^2.30.4",
      "eslint": "^8.6.0",
      "prop-types": "^15.7",
      "react": "^17.0",
      "react-dom": "^17.0",
      "styled-components": "^5.2.0"
    },
    "devDependencies": {}
  }

yarn manifest: 
  No manifest

Lockfile: 
  No lockfile
